app/build/intermediates/manifest_merge_blame_file/debug/processDebugMainManifest/manifest-merger-blame-debug-report.txt
1<?xml version="1.0" encoding="utf-8"?>
2<manifest xmlns:android="http://schemas.android.com/apk/res/android"
3    package="com.safestep.app"
4    android:versionCode="1"
5    android:versionName="1.0" >
6
7    <uses-sdk
8        android:minSdkVersion="26"
9        android:targetSdkVersion="34" />
10
11    <!-- Network -->
12    <uses-permission android:name="android.permission.INTERNET" />
12-->src\main\AndroidManifest.xml:6:5-67
12-->src\main\AndroidManifest.xml:6:22-64
13
14    <!-- Notifications -->
15    <uses-permission android:name="android.permission.POST_NOTIFICATIONS" />
15-->src\main\AndroidManifest.xml:9:5-77
15-->src\main\AndroidManifest.xml:9:22-74
16
17    <!-- Full-screen intent for emergency alerts -->
18    <uses-permission android:name="android.permission.USE_FULL_SCREEN_INTENT" />
18-->src\main\AndroidManifest.xml:12:5-81
18-->src\main\AndroidManifest.xml:12:22-78
19
20    <!-- Wake device for alerts -->
21    <uses-permission android:name="android.permission.WAKE_LOCK" />
21-->src\main\AndroidManifest.xml:15:5-68
21-->src\main\AndroidManifest.xml:15:22-65
22
23    <!-- Phone calls (optional - for auto-call feature) -->
24    <uses-permission android:name="android.permission.CALL_PHONE" />
24-->src\main\AndroidManifest.xml:18:5-69
24-->src\main\AndroidManifest.xml:18:22-66
25
26    <!-- Vibration for alerts -->
27    <uses-permission android:name="android.permission.VIBRATE" />
27-->src\main\AndroidManifest.xml:21:5-66
27-->src\main\AndroidManifest.xml:21:22-63
28
29    <!-- Camera for QR code scanning (optional pairing) -->
30    <uses-permission android:name="android.permission.CAMERA" />
30-->src\main\AndroidManifest.xml:24:5-65
30-->src\main\AndroidManifest.xml:24:22-62
31
32    <uses-feature
32-->src\main\AndroidManifest.xml:25:5-85
33        android:name="android.hardware.camera"
33-->src\main\AndroidManifest.xml:25:19-57
34        android:required="false" />
34-->src\main\AndroidManifest.xml:25:58-82
35
36    <!-- Although the *SdkVersion is captured in gradle build files, this is required for non gradle builds -->
37    <!-- <uses-sdk android:minSdkVersion="21" /> -->
38    <uses-permission android:name="android.permission.ACCESS_NETWORK_STATE" /> <!-- Required by older versions of Google Play services to create IID tokens -->
38-->[com.google.firebase:firebase-firestore:25.1.1] AndroidManifest.xml:10:5-79
38-->[com.google.firebase:firebase-firestore:25.1.1] AndroidManifest.xml:10:22-76
39    <uses-permission android:name="com.google.android.c2dm.permission.RECEIVE" />
39-->[com.google.firebase:firebase-messaging:24.1.0] AndroidManifest.xml:26:5-82
39-->[com.google.firebase:firebase-messaging:24.1.0] AndroidManifest.xml:26:22-79
40    <uses-permission android:name="com.google.android.finsky.permission.BIND_GET_INSTALL_REFERRER_SERVICE" />
40-->[com.google.android.gms:play-services-measurement:22.1.2] AndroidManifest.xml:26:5-110
40-->[com.google.android.gms:play-services-measurement:22.1.2] AndroidManifest.xml:26:22-107
41    <uses-permission android:name="com.google.android.gms.permission.AD_ID" />
41-->[com.google.android.gms:play-services-measurement-api:22.1.2] AndroidManifest.xml:25:5-79
41-->[com.google.android.gms:play-services-measurement-api:22.1.2] AndroidManifest.xml:25:22-76
42    <uses-permission android:name="android.permission.ACCESS_ADSERVICES_ATTRIBUTION" />
42-->[com.google.android.gms:play-services-measurement-api:22.1.2] AndroidManifest.xml:26:5-88
42-->[com.google.android.gms:play-services-measurement-api:22.1.2] AndroidManifest.xml:26:22-85
43    <uses-permission android:name="android.permission.ACCESS_ADSERVICES_AD_ID" />
43-->[com.google.android.gms:play-services-measurement-api:22.1.2] AndroidManifest.xml:27:5-82
43-->[com.google.android.gms:play-services-measurement-api:22.1.2] AndroidManifest.xml:27:22-79
44
45    <permission
45-->[androidx.core:core:1.12.0] AndroidManifest.xml:22:5-24:47
46        android:name="com.safestep.app.DYNAMIC_RECEIVER_NOT_EXPORTED_PERMISSION"
46-->[androidx.core:core:1.12.0] AndroidManifest.xml:23:9-81
47        android:protectionLevel="signature" />
47-->[androidx.core:core:1.12.0] AndroidManifest.xml:24:9-44
48
49    <uses-permission android:name="com.safestep.app.DYNAMIC_RECEIVER_NOT_EXPORTED_PERMISSION" />
49-->[androidx.core:core:1.12.0] AndroidManifest.xml:26:5-97
49-->[androidx.core:core:1.12.0] AndroidManifest.xml:26:22-94
50
51    <application
51-->src\main\AndroidManifest.xml:27:5-85:19
52        android:name="com.safestep.app.SafeStepApplication"
52-->src\main\AndroidManifest.xml:28:9-44
53        android:allowBackup="true"
53-->src\main\AndroidManifest.xml:29:9-35
54        android:appComponentFactory="androidx.core.app.CoreComponentFactory"
54-->[androidx.core:core:1.12.0] AndroidManifest.xml:28:18-86
55        android:dataExtractionRules="@xml/data_extraction_rules"
55-->src\main\AndroidManifest.xml:30:9-65
56        android:debuggable="true"
57        android:extractNativeLibs="false"
58        android:fullBackupContent="@xml/backup_rules"
58-->src\main\AndroidManifest.xml:31:9-54
59        android:icon="@mipmap/ic_launcher"
59-->src\main\AndroidManifest.xml:32:9-43
60        android:label="@string/app_name"
60-->src\main\AndroidManifest.xml:33:9-41
61        android:roundIcon="@mipmap/ic_launcher_round"
61-->src\main\AndroidManifest.xml:34:9-54
62        android:supportsRtl="true"
62-->src\main\AndroidManifest.xml:35:9-35
63        android:theme="@style/Theme.SafeStep" >
63-->src\main\AndroidManifest.xml:36:9-46
64
65        <!-- Main Activity with Bottom Navigation -->
66        <activity
66-->src\main\AndroidManifest.xml:40:9-48:20
67            android:name="com.safestep.app.ui.MainActivity"
67-->src\main\AndroidManifest.xml:41:13-44
68            android:exported="true"
68-->src\main\AndroidManifest.xml:42:13-36
69            android:launchMode="singleTop" >
69-->src\main\AndroidManifest.xml:43:13-43
70            <intent-filter>
70-->src\main\AndroidManifest.xml:44:13-47:29
71                <action android:name="android.intent.action.MAIN" />
71-->src\main\AndroidManifest.xml:45:17-69
71-->src\main\AndroidManifest.xml:45:25-66
72
73                <category android:name="android.intent.category.LAUNCHER" />
73-->src\main\AndroidManifest.xml:46:17-77
73-->src\main\AndroidManifest.xml:46:27-74
74            </intent-filter>
75        </activity>
76
77        <!-- Full-Screen Alert Activity -->
78        <activity
78-->src\main\AndroidManifest.xml:51:9-59:64
79            android:name="com.safestep.app.ui.AlertActivity"
79-->src\main\AndroidManifest.xml:52:13-45
80            android:excludeFromRecents="true"
80-->src\main\AndroidManifest.xml:57:13-46
81            android:exported="false"
81-->src\main\AndroidManifest.xml:53:13-37
82            android:launchMode="singleTop"
82-->src\main\AndroidManifest.xml:54:13-43
83            android:showOnLockScreen="true"
83-->src\main\AndroidManifest.xml:55:13-44
84            android:taskAffinity=""
84-->src\main\AndroidManifest.xml:58:13-36
85            android:theme="@style/Theme.SafeStep.Fullscreen"
85-->src\main\AndroidManifest.xml:59:13-61
86            android:turnScreenOn="true" />
86-->src\main\AndroidManifest.xml:56:13-40
87
88        <!-- Firebase Cloud Messaging Service -->
89        <service
89-->src\main\AndroidManifest.xml:62:9-68:19
90            android:name="com.safestep.app.service.SafeStepFirebaseService"
90-->src\main\AndroidManifest.xml:63:13-60
91            android:exported="false" >
91-->src\main\AndroidManifest.xml:64:13-37
92            <intent-filter>
92-->src\main\AndroidManifest.xml:65:13-67:29
93                <action android:name="com.google.firebase.MESSAGING_EVENT" />
93-->src\main\AndroidManifest.xml:66:17-78
93-->src\main\AndroidManifest.xml:66:25-75
94            </intent-filter>
95        </service>
96
97        <!-- FCM Default Notification Channel -->
98        <meta-data
98-->src\main\AndroidManifest.xml:71:9-73:49
99            android:name="com.google.firebase.messaging.default_notification_channel_id"
99-->src\main\AndroidManifest.xml:72:13-89
100            android:value="CHANNEL_EMERGENCY" />
100-->src\main\AndroidManifest.xml:73:13-46
101
102        <!-- FCM Default Notification Icon -->
103        <meta-data
103-->src\main\AndroidManifest.xml:76:9-78:58
104            android:name="com.google.firebase.messaging.default_notification_icon"
104-->src\main\AndroidManifest.xml:77:13-83
105            android:resource="@drawable/ic_fall_alert" />
105-->src\main\AndroidManifest.xml:78:13-55
106
107        <!-- FCM Default Notification Color -->
108        <meta-data
108-->src\main\AndroidManifest.xml:81:9-83:54
109            android:name="com.google.firebase.messaging.default_notification_color"
109-->src\main\AndroidManifest.xml:82:13-84
110            android:resource="@color/alertPrimary" />
110-->src\main\AndroidManifest.xml:83:13-51
111
112        <service
112-->[com.google.firebase:firebase-firestore:25.1.1] AndroidManifest.xml:14:9-23:19
113            android:name="com.google.firebase.components.ComponentDiscoveryService"
113-->[com.google.firebase:firebase-firestore:25.1.1] AndroidManifest.xml:15:13-84
114            android:directBootAware="true"
114-->[com.google.firebase:firebase-common:21.0.0] AndroidManifest.xml:32:13-43
115            android:exported="false" >
115-->[com.google.firebase:firebase-firestore:25.1.1] AndroidManifest.xml:16:13-37
116            <meta-data
116-->[com.google.firebase:firebase-firestore:25.1.1] AndroidManifest.xml:17:13-19:85
117                android:name="com.google.firebase.components:com.google.firebase.firestore.FirebaseFirestoreKtxRegistrar"
117-->[com.google.firebase:firebase-firestore:25.1.1] AndroidManifest.xml:18:17-122
118                android:value="com.google.firebase.components.ComponentRegistrar" />
118-->[com.google.firebase:firebase-firestore:25.1.1] AndroidManifest.xml:19:17-82
119            <meta-data
119-->[com.google.firebase:firebase-firestore:25.1.1] AndroidManifest.xml:20:13-22:85
120                android:name="com.google.firebase.components:com.google.firebase.firestore.FirestoreRegistrar"
120-->[com.google.firebase:firebase-firestore:25.1.1] AndroidManifest.xml:21:17-111
121                android:value="com.google.firebase.components.ComponentRegistrar" />
121-->[com.google.firebase:firebase-firestore:25.1.1] AndroidManifest.xml:22:17-82
122            <meta-data
122-->[com.google.firebase:firebase-messaging:24.1.0] AndroidManifest.xml:57:13-59:85
123                android:name="com.google.firebase.components:com.google.firebase.messaging.FirebaseMessagingKtxRegistrar"
123-->[com.google.firebase:firebase-messaging:24.1.0] AndroidManifest.xml:58:17-122
124                android:value="com.google.firebase.components.ComponentRegistrar" />
124-->[com.google.firebase:firebase-messaging:24.1.0] AndroidManifest.xml:59:17-82
125            <meta-data
125-->[com.google.firebase:firebase-messaging:24.1.0] AndroidManifest.xml:60:13-62:85
126                android:name="com.google.firebase.components:com.google.firebase.messaging.FirebaseMessagingRegistrar"
126-->[com.google.firebase:firebase-messaging:24.1.0] AndroidManifest.xml:61:17-119
127                android:value="com.google.firebase.components.ComponentRegistrar" />
127-->[com.google.firebase:firebase-messaging:24.1.0] AndroidManifest.xml:62:17-82
128            <meta-data
128-->[com.google.android.gms:play-services-measurement-api:22.1.2] AndroidManifest.xml:37:13-39:85
129                android:name="com.google.firebase.components:com.google.firebase.analytics.connector.internal.AnalyticsConnectorRegistrar"
129-->[com.google.android.gms:play-services-measurement-api:22.1.2] AndroidManifest.xml:38:17-139
130                android:value="com.google.firebase.components.ComponentRegistrar" />
130-->[com.google.android.gms:play-services-measurement-api:22.1.2] AndroidManifest.xml:39:17-82
131            <meta-data
131-->[com.google.firebase:firebase-installations:18.0.0] AndroidManifest.xml:15:13-17:85
132                android:name="com.google.firebase.components:com.google.firebase.installations.FirebaseInstallationsKtxRegistrar"
132-->[com.google.firebase:firebase-installations:18.0.0] AndroidManifest.xml:16:17-130
133                android:value="com.google.firebase.components.ComponentRegistrar" />
133-->[com.google.firebase:firebase-installations:18.0.0] AndroidManifest.xml:17:17-82
134            <meta-data
134-->[com.google.firebase:firebase-installations:18.0.0] AndroidManifest.xml:18:13-20:85
135                android:name="com.google.firebase.components:com.google.firebase.installations.FirebaseInstallationsRegistrar"
135-->[com.google.firebase:firebase-installations:18.0.0] AndroidManifest.xml:19:17-127
136                android:value="com.google.firebase.components.ComponentRegistrar" />
136-->[com.google.firebase:firebase-installations:18.0.0] AndroidManifest.xml:20:17-82
137            <meta-data
137-->[com.google.firebase:firebase-common-ktx:21.0.0] AndroidManifest.xml:12:13-14:85
138                android:name="com.google.firebase.components:com.google.firebase.ktx.FirebaseCommonLegacyRegistrar"
138-->[com.google.firebase:firebase-common-ktx:21.0.0] AndroidManifest.xml:13:17-116
139                android:value="com.google.firebase.components.ComponentRegistrar" />
139-->[com.google.firebase:firebase-common-ktx:21.0.0] AndroidManifest.xml:14:17-82
140            <meta-data
140-->[com.google.firebase:firebase-common:21.0.0] AndroidManifest.xml:35:13-37:85
141                android:name="com.google.firebase.components:com.google.firebase.FirebaseCommonKtxRegistrar"
141-->[com.google.firebase:firebase-common:21.0.0] AndroidManifest.xml:36:17-109
142                android:value="com.google.firebase.components.ComponentRegistrar" />
142-->[com.google.firebase:firebase-common:21.0.0] AndroidManifest.xml:37:17-82
143            <meta-data
143-->[com.google.firebase:firebase-datatransport:18.2.0] AndroidManifest.xml:25:13-27:85
144                android:name="com.google.firebase.components:com.google.firebase.datatransport.TransportRegistrar"
144-->[com.google.firebase:firebase-datatransport:18.2.0] AndroidManifest.xml:26:17-115
145                android:value="com.google.firebase.components.ComponentRegistrar" />
145-->[com.google.firebase:firebase-datatransport:18.2.0] AndroidManifest.xml:27:17-82
146        </service>
147
148        <receiver
148-->[com.google.firebase:firebase-messaging:24.1.0] AndroidManifest.xml:29:9-40:20
149            android:name="com.google.firebase.iid.FirebaseInstanceIdReceiver"
149-->[com.google.firebase:firebase-messaging:24.1.0] AndroidManifest.xml:30:13-78
150            android:exported="true"
150-->[com.google.firebase:firebase-messaging:24.1.0] AndroidManifest.xml:31:13-36
151            android:permission="com.google.android.c2dm.permission.SEND" >
151-->[com.google.firebase:firebase-messaging:24.1.0] AndroidManifest.xml:32:13-73
152            <intent-filter>
152-->[com.google.firebase:firebase-messaging:24.1.0] AndroidManifest.xml:33:13-35:29
153                <action android:name="com.google.android.c2dm.intent.RECEIVE" />
153-->[com.google.firebase:firebase-messaging:24.1.0] AndroidManifest.xml:34:17-81
153-->[com.google.firebase:firebase-messaging:24.1.0] AndroidManifest.xml:34:25-78
154            </intent-filter>
155
156            <meta-data
156-->[com.google.firebase:firebase-messaging:24.1.0] AndroidManifest.xml:37:13-39:40
157                android:name="com.google.android.gms.cloudmessaging.FINISHED_AFTER_HANDLED"
157-->[com.google.firebase:firebase-messaging:24.1.0] AndroidManifest.xml:38:17-92
158                android:value="true" />
158-->[com.google.firebase:firebase-messaging:24.1.0] AndroidManifest.xml:39:17-37
159        </receiver>
160        <!--
161             FirebaseMessagingService performs security checks at runtime,
162             but set to not exported to explicitly avoid allowing another app to call it.
163        -->
164        <service
164-->[com.google.firebase:firebase-messaging:24.1.0] AndroidManifest.xml:46:9-53:19
165            android:name="com.google.firebase.messaging.FirebaseMessagingService"
165-->[com.google.firebase:firebase-messaging:24.1.0] AndroidManifest.xml:47:13-82
166            android:directBootAware="true"
166-->[com.google.firebase:firebase-messaging:24.1.0] AndroidManifest.xml:48:13-43
167            android:exported="false" >
167-->[com.google.firebase:firebase-messaging:24.1.0] AndroidManifest.xml:49:13-37
168            <intent-filter android:priority="-500" >
168-->src\main\AndroidManifest.xml:65:13-67:29
169                <action android:name="com.google.firebase.MESSAGING_EVENT" />
169-->src\main\AndroidManifest.xml:66:17-78
169-->src\main\AndroidManifest.xml:66:25-75
170            </intent-filter>
171        </service>
172
173        <receiver
173-->[com.google.android.gms:play-services-measurement:22.1.2] AndroidManifest.xml:29:9-33:20
174            android:name="com.google.android.gms.measurement.AppMeasurementReceiver"
174-->[com.google.android.gms:play-services-measurement:22.1.2] AndroidManifest.xml:30:13-85
175            android:enabled="true"
175-->[com.google.android.gms:play-services-measurement:22.1.2] AndroidManifest.xml:31:13-35
176            android:exported="false" >
176-->[com.google.android.gms:play-services-measurement:22.1.2] AndroidManifest.xml:32:13-37
177        </receiver>
178
179        <service
179-->[com.google.android.gms:play-services-measurement:22.1.2] AndroidManifest.xml:35:9-38:40
180            android:name="com.google.android.gms.measurement.AppMeasurementService"
180-->[com.google.android.gms:play-services-measurement:22.1.2] AndroidManifest.xml:36:13-84
181            android:enabled="true"
181-->[com.google.android.gms:play-services-measurement:22.1.2] AndroidManifest.xml:37:13-35
182            android:exported="false" />
182-->[com.google.android.gms:play-services-measurement:22.1.2] AndroidManifest.xml:38:13-37
183        <service
183-->[com.google.android.gms:play-services-measurement:22.1.2] AndroidManifest.xml:39:9-43:72
184            android:name="com.google.android.gms.measurement.AppMeasurementJobService"
184-->[com.google.android.gms:play-services-measurement:22.1.2] AndroidManifest.xml:40:13-87
185            android:enabled="true"
185-->[com.google.android.gms:play-services-measurement:22.1.2] AndroidManifest.xml:41:13-35
186            android:exported="false"
186-->[com.google.android.gms:play-services-measurement:22.1.2] AndroidManifest.xml:42:13-37
187            android:permission="android.permission.BIND_JOB_SERVICE" />
187-->[com.google.android.gms:play-services-measurement:22.1.2] AndroidManifest.xml:43:13-69
188
189        <property
189-->[com.google.android.gms:play-services-measurement-api:22.1.2] AndroidManifest.xml:30:9-32:61
190            android:name="android.adservices.AD_SERVICES_CONFIG"
190-->[com.google.android.gms:play-services-measurement-api:22.1.2] AndroidManifest.xml:31:13-65
191            android:resource="@xml/ga_ad_services_config" />
191-->[com.google.android.gms:play-services-measurement-api:22.1.2] AndroidManifest.xml:32:13-58
192
193        <provider
193-->[com.google.firebase:firebase-common:21.0.0] AndroidManifest.xml:23:9-28:39
194            android:name="com.google.firebase.provider.FirebaseInitProvider"
194-->[com.google.firebase:firebase-common:21.0.0] AndroidManifest.xml:24:13-77
195            android:authorities="com.safestep.app.firebaseinitprovider"
195-->[com.google.firebase:firebase-common:21.0.0] AndroidManifest.xml:25:13-72
196            android:directBootAware="true"
196-->[com.google.firebase:firebase-common:21.0.0] AndroidManifest.xml:26:13-43
197            android:exported="false"
197-->[com.google.firebase:firebase-common:21.0.0] AndroidManifest.xml:27:13-37
198            android:initOrder="100" />
198-->[com.google.firebase:firebase-common:21.0.0] AndroidManifest.xml:28:13-36
199        <provider
199-->[androidx.emoji2:emoji2:1.2.0] AndroidManifest.xml:24:9-32:20
200            android:name="androidx.startup.InitializationProvider"
200-->[androidx.emoji2:emoji2:1.2.0] AndroidManifest.xml:25:13-67
201            android:authorities="com.safestep.app.androidx-startup"
201-->[androidx.emoji2:emoji2:1.2.0] AndroidManifest.xml:26:13-68
202            android:exported="false" >
202-->[androidx.emoji2:emoji2:1.2.0] AndroidManifest.xml:27:13-37
203            <meta-data
203-->[androidx.emoji2:emoji2:1.2.0] AndroidManifest.xml:29:13-31:52
204                android:name="androidx.emoji2.text.EmojiCompatInitializer"
204-->[androidx.emoji2:emoji2:1.2.0] AndroidManifest.xml:30:17-75
205                android:value="androidx.startup" />
205-->[androidx.emoji2:emoji2:1.2.0] AndroidManifest.xml:31:17-49
206            <meta-data
206-->[androidx.lifecycle:lifecycle-process:2.7.0] AndroidManifest.xml:29:13-31:52
207                android:name="androidx.lifecycle.ProcessLifecycleInitializer"
207-->[androidx.lifecycle:lifecycle-process:2.7.0] AndroidManifest.xml:30:17-78
208                android:value="androidx.startup" />
208-->[androidx.lifecycle:lifecycle-process:2.7.0] AndroidManifest.xml:31:17-49
209            <meta-data
209-->[androidx.profileinstaller:profileinstaller:1.3.0] AndroidManifest.xml:29:13-31:52
210                android:name="androidx.profileinstaller.ProfileInstallerInitializer"
210-->[androidx.profileinstaller:profileinstaller:1.3.0] AndroidManifest.xml:30:17-85
211                android:value="androidx.startup" />
211-->[androidx.profileinstaller:profileinstaller:1.3.0] AndroidManifest.xml:31:17-49
212        </provider>
213
214        <uses-library
214-->[androidx.window:window:1.0.0] AndroidManifest.xml:25:9-27:40
215            android:name="androidx.window.extensions"
215-->[androidx.window:window:1.0.0] AndroidManifest.xml:26:13-54
216            android:required="false" />
216-->[androidx.window:window:1.0.0] AndroidManifest.xml:27:13-37
217        <uses-library
217-->[androidx.window:window:1.0.0] AndroidManifest.xml:28:9-30:40
218            android:name="androidx.window.sidecar"
218-->[androidx.window:window:1.0.0] AndroidManifest.xml:29:13-51
219            android:required="false" />
219-->[androidx.window:window:1.0.0] AndroidManifest.xml:30:13-37
220
221        <activity
221-->[com.google.android.gms:play-services-base:18.5.0] AndroidManifest.xml:5:9-173
222            android:name="com.google.android.gms.common.api.GoogleApiActivity"
222-->[com.google.android.gms:play-services-base:18.5.0] AndroidManifest.xml:5:19-85
223            android:exported="false"
223-->[com.google.android.gms:play-services-base:18.5.0] AndroidManifest.xml:5:146-170
224            android:theme="@android:style/Theme.Translucent.NoTitleBar" />
224-->[com.google.android.gms:play-services-base:18.5.0] AndroidManifest.xml:5:86-145
225
226        <uses-library
226-->[androidx.privacysandbox.ads:ads-adservices:1.0.0-beta05] AndroidManifest.xml:23:9-25:40
227            android:name="android.ext.adservices"
227-->[androidx.privacysandbox.ads:ads-adservices:1.0.0-beta05] AndroidManifest.xml:24:13-50
228            android:required="false" />
228-->[androidx.privacysandbox.ads:ads-adservices:1.0.0-beta05] AndroidManifest.xml:25:13-37
229
230        <meta-data
230-->[com.google.android.gms:play-services-basement:18.4.0] AndroidManifest.xml:6:9-122
231            android:name="com.google.android.gms.version"
231-->[com.google.android.gms:play-services-basement:18.4.0] AndroidManifest.xml:6:20-65
232            android:value="@integer/google_play_services_version" />
232-->[com.google.android.gms:play-services-basement:18.4.0] AndroidManifest.xml:6:66-119
233
234        <service
234-->[com.google.android.datatransport:transport-backend-cct:3.1.9] AndroidManifest.xml:28:9-34:19
235            android:name="com.google.android.datatransport.runtime.backends.TransportBackendDiscovery"
235-->[com.google.android.datatransport:transport-backend-cct:3.1.9] AndroidManifest.xml:29:13-103
236            android:exported="false" >
236-->[com.google.android.datatransport:transport-backend-cct:3.1.9] AndroidManifest.xml:30:13-37
237            <meta-data
237-->[com.google.android.datatransport:transport-backend-cct:3.1.9] AndroidManifest.xml:31:13-33:39
238                android:name="backend:com.google.android.datatransport.cct.CctBackendFactory"
238-->[com.google.android.datatransport:transport-backend-cct:3.1.9] AndroidManifest.xml:32:17-94
239                android:value="cct" />
239-->[com.google.android.datatransport:transport-backend-cct:3.1.9] AndroidManifest.xml:33:17-36
240        </service>
241        <service
241-->[com.google.android.datatransport:transport-runtime:3.1.9] AndroidManifest.xml:26:9-30:19
242            android:name="com.google.android.datatransport.runtime.scheduling.jobscheduling.JobInfoSchedulerService"
242-->[com.google.android.datatransport:transport-runtime:3.1.9] AndroidManifest.xml:27:13-117
243            android:exported="false"
243-->[com.google.android.datatransport:transport-runtime:3.1.9] AndroidManifest.xml:28:13-37
244            android:permission="android.permission.BIND_JOB_SERVICE" >
244-->[com.google.android.datatransport:transport-runtime:3.1.9] AndroidManifest.xml:29:13-69
245        </service>
246
247        <receiver
247-->[com.google.android.datatransport:transport-runtime:3.1.9] AndroidManifest.xml:32:9-34:40
248            android:name="com.google.android.datatransport.runtime.scheduling.jobscheduling.AlarmManagerSchedulerBroadcastReceiver"
248-->[com.google.android.datatransport:transport-runtime:3.1.9] AndroidManifest.xml:33:13-132
249            android:exported="false" />
249-->[com.google.android.datatransport:transport-runtime:3.1.9] AndroidManifest.xml:34:13-37
250        <receiver
250-->[androidx.profileinstaller:profileinstaller:1.3.0] AndroidManifest.xml:34:9-52:20
251            android:name="androidx.profileinstaller.ProfileInstallReceiver"
251-->[androidx.profileinstaller:profileinstaller:1.3.0] AndroidManifest.xml:35:13-76
252            android:directBootAware="false"
252-->[androidx.profileinstaller:profileinstaller:1.3.0] AndroidManifest.xml:36:13-44
253            android:enabled="true"
253-->[androidx.profileinstaller:profileinstaller:1.3.0] AndroidManifest.xml:37:13-35
254            android:exported="true"
254-->[androidx.profileinstaller:profileinstaller:1.3.0] AndroidManifest.xml:38:13-36
255            android:permission="android.permission.DUMP" >
255-->[androidx.profileinstaller:profileinstaller:1.3.0] AndroidManifest.xml:39:13-57
256            <intent-filter>
256-->[androidx.profileinstaller:profileinstaller:1.3.0] AndroidManifest.xml:40:13-42:29
257                <action android:name="androidx.profileinstaller.action.INSTALL_PROFILE" />
257-->[androidx.profileinstaller:profileinstaller:1.3.0] AndroidManifest.xml:41:17-91
257-->[androidx.profileinstaller:profileinstaller:1.3.0] AndroidManifest.xml:41:25-88
258            </intent-filter>
259            <intent-filter>
259-->[androidx.profileinstaller:profileinstaller:1.3.0] AndroidManifest.xml:43:13-45:29
260                <action android:name="androidx.profileinstaller.action.SKIP_FILE" />
260-->[androidx.profileinstaller:profileinstaller:1.3.0] AndroidManifest.xml:44:17-85
260-->[androidx.profileinstaller:profileinstaller:1.3.0] AndroidManifest.xml:44:25-82
261            </intent-filter>
262            <intent-filter>
262-->[androidx.profileinstaller:profileinstaller:1.3.0] AndroidManifest.xml:46:13-48:29
263                <action android:name="androidx.profileinstaller.action.SAVE_PROFILE" />
263-->[androidx.profileinstaller:profileinstaller:1.3.0] AndroidManifest.xml:47:17-88
263-->[androidx.profileinstaller:profileinstaller:1.3.0] AndroidManifest.xml:47:25-85
264            </intent-filter>
265            <intent-filter>
265-->[androidx.profileinstaller:profileinstaller:1.3.0] AndroidManifest.xml:49:13-51:29
266                <action android:name="androidx.profileinstaller.action.BENCHMARK_OPERATION" />
266-->[androidx.profileinstaller:profileinstaller:1.3.0] AndroidManifest.xml:50:17-95
266-->[androidx.profileinstaller:profileinstaller:1.3.0] AndroidManifest.xml:50:25-92
267            </intent-filter>
268        </receiver>
269    </application>
270
271</manifest>